<?xml version="1.0" encoding="UTF-8"?>
<testsuite xmlns:xsi="http://www.w3.org/2001/XMLSchema-instance" xsi:noNamespaceSchemaLocation="https://maven.apache.org/surefire/maven-surefire-plugin/xsd/surefire-test-report-3.0.xsd" version="3.0" name="validarPass" time="0.033" tests="8" errors="0" skipped="0" failures="0">
  <properties>
[...]
</properties>
  <testcase name="testPasswordMatch" classname="validarPass" time="0.015"/>
  <testcase name="testShortPassword" classname="validarPass" time="0.002"/>
  <testcase name="testPasswordWithoutDigit" classname="validarPass" time="0.001"/>
  <testcase name="testPasswordWithoutSpecialChar" classname="validarPass" time="0.001"/>
  <testcase name="testPasswordWithoutUpperCase" classname="validarPass" time="0.001"/>
  <testcase name="testPasswordWithSpace" classname="validarPass" time="0.001"/>
  <testcase name="testPasswordsDoNotMatch" classname="validarPass" time="0.001"/>
  <testcase name="testPasswordWithoutLowerCase" classname="validarPass" time="0.0"/>
</testsuite>